2018-06-16 21:30:56,105 [Thread-1    ] [DEBUG] [build.views         ]  20171230_170545.jpg
2018-06-16 21:30:56,114 [Thread-1    ] [INFO ] [build.views         ]  20171230_170545.jpg
2018-06-16 21:30:56,122 [Thread-1    ] [WARNI] [build.views         ]  20171230_170545.jpg
2018-06-16 21:30:56,130 [Thread-1    ] [ERROR] [build.views         ]  20171230_170545.jpg
2018-06-16 21:30:56,145 [Thread-1    ] [DEBUG] [build.views         ]  20171230_152217.jpg
2018-06-16 21:30:56,153 [Thread-1    ] [INFO ] [build.views         ]  20171230_152217.jpg
2018-06-16 21:30:56,161 [Thread-1    ] [WARNI] [build.views         ]  20171230_152217.jpg
2018-06-16 21:30:56,169 [Thread-1    ] [ERROR] [build.views         ]  20171230_152217.jpg
2018-06-16 21:30:56,179 [Thread-1    ] [DEBUG] [build.views         ]  20171230_152212.jpg
2018-06-16 21:30:56,185 [Thread-1    ] [INFO ] [build.views         ]  20171230_152212.jpg
2018-06-16 21:30:56,191 [Thread-1    ] [WARNI] [build.views         ]  20171230_152212.jpg
2018-06-16 21:30:56,201 [Thread-1    ] [ERROR] [build.views         ]  20171230_152212.jpg
2018-06-16 21:30:56,211 [Thread-1    ] [DEBUG] [build.views         ]  20171230_152216.jpg
2018-06-16 21:30:56,219 [Thread-1    ] [INFO ] [build.views         ]  20171230_152216.jpg
2018-06-16 21:30:56,226 [Thread-1    ] [WARNI] [build.views         ]  20171230_152216.jpg
2018-06-16 21:30:56,235 [Thread-1    ] [ERROR] [build.views         ]  20171230_152216.jpg
2018-06-16 21:30:56,244 [Thread-1    ] [DEBUG] [build.views         ]  20171230_152118.jpg
2018-06-16 21:30:56,251 [Thread-1    ] [INFO ] [build.views         ]  20171230_152118.jpg
2018-06-16 21:30:56,259 [Thread-1    ] [WARNI] [build.views         ]  20171230_152118.jpg
2018-06-16 21:30:56,268 [Thread-1    ] [ERROR] [build.views         ]  20171230_152118.jpg
2018-06-16 21:30:56,278 [Thread-1    ] [DEBUG] [build.views         ]  20171230_152143.jpg
2018-06-16 21:30:56,286 [Thread-1    ] [INFO ] [build.views         ]  20171230_152143.jpg
2018-06-16 21:30:56,294 [Thread-1    ] [WARNI] [build.views         ]  20171230_152143.jpg
2018-06-16 21:30:56,302 [Thread-1    ] [ERROR] [build.views         ]  20171230_152143.jpg
2018-06-16 21:30:56,312 [Thread-1    ] [DEBUG] [build.views         ]  20171230_152131.jpg
2018-06-16 21:30:56,318 [Thread-1    ] [INFO ] [build.views         ]  20171230_152131.jpg
2018-06-16 21:30:56,325 [Thread-1    ] [WARNI] [build.views         ]  20171230_152131.jpg
2018-06-16 21:30:56,332 [Thread-1    ] [ERROR] [build.views         ]  20171230_152131.jpg
2018-06-16 21:30:56,342 [Thread-1    ] [DEBUG] [build.views         ]  20171230_152116.jpg
2018-06-16 21:30:56,351 [Thread-1    ] [INFO ] [build.views         ]  20171230_152116.jpg
2018-06-16 21:30:56,360 [Thread-1    ] [WARNI] [build.views         ]  20171230_152116.jpg
2018-06-16 21:30:56,367 [Thread-1    ] [ERROR] [build.views         ]  20171230_152116.jpg
2018-06-16 21:30:56,376 [Thread-1    ] [DEBUG] [build.views         ]  20171230_152146.jpg
2018-06-16 21:30:56,383 [Thread-1    ] [INFO ] [build.views         ]  20171230_152146.jpg
2018-06-16 21:30:56,390 [Thread-1    ] [WARNI] [build.views         ]  20171230_152146.jpg
2018-06-16 21:30:56,397 [Thread-1    ] [ERROR] [build.views         ]  20171230_152146.jpg
2018-06-16 21:30:56,403 [Thread-1    ] [DEBUG] [build.views         ]  20171230_152129.jpg
2018-06-16 21:30:56,414 [Thread-1    ] [INFO ] [build.views         ]  20171230_152129.jpg
2018-06-16 21:30:56,421 [Thread-1    ] [WARNI] [build.views         ]  20171230_152129.jpg
2018-06-16 21:30:56,428 [Thread-1    ] [ERROR] [build.views         ]  20171230_152129.jpg
2018-06-16 21:30:56,438 [Thread-1    ] [DEBUG] [build.views         ]  20171230_152142.jpg
2018-06-16 21:30:56,447 [Thread-1    ] [INFO ] [build.views         ]  20171230_152142.jpg
2018-06-16 21:30:56,454 [Thread-1    ] [WARNI] [build.views         ]  20171230_152142.jpg
2018-06-16 21:30:56,462 [Thread-1    ] [ERROR] [build.views         ]  20171230_152142.jpg
2018-06-16 21:30:56,473 [Thread-1    ] [DEBUG] [build.views         ]  20171230_152211.jpg
2018-06-16 21:30:56,480 [Thread-1    ] [INFO ] [build.views         ]  20171230_152211.jpg
2018-06-16 21:30:56,487 [Thread-1    ] [WARNI] [build.views         ]  20171230_152211.jpg
2018-06-16 21:30:56,495 [Thread-1    ] [ERROR] [build.views         ]  20171230_152211.jpg
2018-06-16 21:30:56,506 [Thread-1    ] [DEBUG] [build.views         ]  IMG_2010.JPG
2018-06-16 21:30:56,513 [Thread-1    ] [INFO ] [build.views         ]  IMG_2010.JPG
2018-06-16 21:30:56,520 [Thread-1    ] [WARNI] [build.views         ]  IMG_2010.JPG
2018-06-16 21:30:56,528 [Thread-1    ] [ERROR] [build.views         ]  IMG_2010.JPG
2018-06-16 21:30:56,537 [Thread-1    ] [DEBUG] [build.views         ]  20171230_170545JPG,/home/pi/Pictures,20171230_170545.jpg,/home/pi/Pictures/20171230_170545.jpg
2018-06-16 21:30:56,546 [Thread-1    ] [DEBUG] [build.views         ]  20171230_152217JPG,/home/pi/Pictures,20171230_152217.jpg,/home/pi/Pictures/20171230_152217.jpg
2018-06-16 21:30:56,555 [Thread-1    ] [DEBUG] [build.views         ]  20171230_152212JPG,/home/pi/Pictures,20171230_152212.jpg,/home/pi/Pictures/20171230_152212.jpg
2018-06-16 21:30:56,562 [Thread-1    ] [DEBUG] [build.views         ]  20171230_152216JPG,/home/pi/Pictures,20171230_152216.jpg,/home/pi/Pictures/20171230_152216.jpg
2018-06-16 21:30:56,570 [Thread-1    ] [DEBUG] [build.views         ]  20171230_152118JPG,/home/pi/Pictures,20171230_152118.jpg,/home/pi/Pictures/20171230_152118.jpg
2018-06-16 21:30:56,577 [Thread-1    ] [DEBUG] [build.views         ]  20171230_152143JPG,/home/pi/Pictures,20171230_152143.jpg,/home/pi/Pictures/20171230_152143.jpg
2018-06-16 21:30:56,585 [Thread-1    ] [DEBUG] [build.views         ]  20171230_152131JPG,/home/pi/Pictures,20171230_152131.jpg,/home/pi/Pictures/20171230_152131.jpg
2018-06-16 21:30:56,593 [Thread-1    ] [DEBUG] [build.views         ]  20171230_152116JPG,/home/pi/Pictures,20171230_152116.jpg,/home/pi/Pictures/20171230_152116.jpg
2018-06-16 21:30:56,601 [Thread-1    ] [DEBUG] [build.views         ]  20171230_152146JPG,/home/pi/Pictures,20171230_152146.jpg,/home/pi/Pictures/20171230_152146.jpg
2018-06-16 21:30:56,608 [Thread-1    ] [DEBUG] [build.views         ]  20171230_152129JPG,/home/pi/Pictures,20171230_152129.jpg,/home/pi/Pictures/20171230_152129.jpg
2018-06-16 21:30:56,616 [Thread-1    ] [DEBUG] [build.views         ]  20171230_152142JPG,/home/pi/Pictures,20171230_152142.jpg,/home/pi/Pictures/20171230_152142.jpg
2018-06-16 21:30:56,624 [Thread-1    ] [DEBUG] [build.views         ]  20171230_152211JPG,/home/pi/Pictures,20171230_152211.jpg,/home/pi/Pictures/20171230_152211.jpg
2018-06-16 21:30:56,631 [Thread-1    ] [DEBUG] [build.views         ]  IMG_2010JPG,/home/pi/Pictures,IMG_2010.JPG,/home/pi/Pictures/IMG_2010.JPG
2018-06-16 21:30:57,128 [Thread-1    ] [INFO ] [django.server       ]  "GET /build/ HTTP/1.1" 200 73
2018-06-16 21:36:19,617 [MainThread  ] [ERROR] [pyinotify           ]  The pathname '/home/pi/mypicframe/build/views.py' of this watch <Watch wd=1052 path=/home/pi/mypicframe/build/views.py mask=4038 proc_fun=None auto_add=False exclude_filter=<function <lambda> at 0xb5e6ee70> dir=False > has probably changed and couldn't be updated, so it cannot be trusted anymore. To fix this error move directories/files only between watched parents directories, in this case e.g. put a watch on '/home/pi/mypicframe/build'.
2018-06-16 21:36:38,320 [Thread-1    ] [INFO ] [build.views         ]  Read files from /home/pi/Pictures
2018-06-16 21:36:38,335 [Thread-1    ] [INFO ] [build.views         ]  20171230_170545.jpg
2018-06-16 21:36:38,347 [Thread-1    ] [INFO ] [build.views         ]  20171230_152217.jpg
2018-06-16 21:36:38,355 [Thread-1    ] [INFO ] [build.views         ]  20171230_152212.jpg
2018-06-16 21:36:38,365 [Thread-1    ] [INFO ] [build.views         ]  20171230_152216.jpg
2018-06-16 21:36:38,373 [Thread-1    ] [INFO ] [build.views         ]  20171230_152118.jpg
2018-06-16 21:36:38,384 [Thread-1    ] [INFO ] [build.views         ]  20171230_152143.jpg
2018-06-16 21:36:38,391 [Thread-1    ] [INFO ] [build.views         ]  20171230_152131.jpg
2018-06-16 21:36:38,401 [Thread-1    ] [INFO ] [build.views         ]  20171230_152116.jpg
2018-06-16 21:36:38,408 [Thread-1    ] [INFO ] [build.views         ]  20171230_152146.jpg
2018-06-16 21:36:38,418 [Thread-1    ] [INFO ] [build.views         ]  20171230_152129.jpg
2018-06-16 21:36:38,425 [Thread-1    ] [INFO ] [build.views         ]  20171230_152142.jpg
2018-06-16 21:36:38,432 [Thread-1    ] [INFO ] [build.views         ]  20171230_152211.jpg
2018-06-16 21:36:38,439 [Thread-1    ] [INFO ] [build.views         ]  IMG_2010.JPG
2018-06-16 21:36:38,448 [Thread-1    ] [DEBUG] [build.views         ]  20171230_170545JPG,/home/pi/Pictures,20171230_170545.jpg,/home/pi/Pictures/20171230_170545.jpg
2018-06-16 21:36:38,456 [Thread-1    ] [DEBUG] [build.views         ]  20171230_152217JPG,/home/pi/Pictures,20171230_152217.jpg,/home/pi/Pictures/20171230_152217.jpg
2018-06-16 21:36:38,464 [Thread-1    ] [DEBUG] [build.views         ]  20171230_152212JPG,/home/pi/Pictures,20171230_152212.jpg,/home/pi/Pictures/20171230_152212.jpg
2018-06-16 21:36:38,471 [Thread-1    ] [DEBUG] [build.views         ]  20171230_152216JPG,/home/pi/Pictures,20171230_152216.jpg,/home/pi/Pictures/20171230_152216.jpg
2018-06-16 21:36:38,479 [Thread-1    ] [DEBUG] [build.views         ]  20171230_152118JPG,/home/pi/Pictures,20171230_152118.jpg,/home/pi/Pictures/20171230_152118.jpg
2018-06-16 21:36:38,487 [Thread-1    ] [DEBUG] [build.views         ]  20171230_152143JPG,/home/pi/Pictures,20171230_152143.jpg,/home/pi/Pictures/20171230_152143.jpg
2018-06-16 21:36:38,493 [Thread-1    ] [DEBUG] [build.views         ]  20171230_152131JPG,/home/pi/Pictures,20171230_152131.jpg,/home/pi/Pictures/20171230_152131.jpg
2018-06-16 21:36:38,502 [Thread-1    ] [DEBUG] [build.views         ]  20171230_152116JPG,/home/pi/Pictures,20171230_152116.jpg,/home/pi/Pictures/20171230_152116.jpg
2018-06-16 21:36:38,509 [Thread-1    ] [DEBUG] [build.views         ]  20171230_152146JPG,/home/pi/Pictures,20171230_152146.jpg,/home/pi/Pictures/20171230_152146.jpg
2018-06-16 21:36:38,517 [Thread-1    ] [DEBUG] [build.views         ]  20171230_152129JPG,/home/pi/Pictures,20171230_152129.jpg,/home/pi/Pictures/20171230_152129.jpg
2018-06-16 21:36:38,525 [Thread-1    ] [DEBUG] [build.views         ]  20171230_152142JPG,/home/pi/Pictures,20171230_152142.jpg,/home/pi/Pictures/20171230_152142.jpg
2018-06-16 21:36:38,532 [Thread-1    ] [DEBUG] [build.views         ]  20171230_152211JPG,/home/pi/Pictures,20171230_152211.jpg,/home/pi/Pictures/20171230_152211.jpg
2018-06-16 21:36:38,539 [Thread-1    ] [DEBUG] [build.views         ]  IMG_2010JPG,/home/pi/Pictures,IMG_2010.JPG,/home/pi/Pictures/IMG_2010.JPG
2018-06-16 21:36:38,924 [Thread-1    ] [INFO ] [django.server       ]  "GET /build/ HTTP/1.1" 200 73
2018-06-16 21:38:14,463 [Thread-3    ] [INFO ] [build.views         ]  Read files from /home/pi/Pictures
2018-06-16 21:38:14,479 [Thread-3    ] [INFO ] [build.views         ]  20171230_170545.jpg
2018-06-16 21:38:14,487 [Thread-3    ] [INFO ] [build.views         ]  20171230_152217.jpg
2018-06-16 21:38:14,496 [Thread-3    ] [INFO ] [build.views         ]  20171230_152212.jpg
2018-06-16 21:38:14,504 [Thread-3    ] [INFO ] [build.views         ]  20171230_152216.jpg
2018-06-16 21:38:14,512 [Thread-3    ] [INFO ] [build.views         ]  20171230_152118.jpg
2018-06-16 21:38:14,520 [Thread-3    ] [INFO ] [build.views         ]  20171230_152143.jpg
2018-06-16 21:38:14,526 [Thread-3    ] [INFO ] [build.views         ]  20171230_152131.jpg
2018-06-16 21:38:14,534 [Thread-3    ] [INFO ] [build.views         ]  20171230_152116.jpg
2018-06-16 21:38:14,543 [Thread-3    ] [INFO ] [build.views         ]  20171230_152146.jpg
2018-06-16 21:38:14,551 [Thread-3    ] [INFO ] [build.views         ]  20171230_152129.jpg
2018-06-16 21:38:14,559 [Thread-3    ] [INFO ] [build.views         ]  20171230_152142.jpg
2018-06-16 21:38:14,567 [Thread-3    ] [INFO ] [build.views         ]  20171230_152211.jpg
2018-06-16 21:38:14,574 [Thread-3    ] [INFO ] [build.views         ]  IMG_2010.JPG
2018-06-16 21:38:14,583 [Thread-3    ] [DEBUG] [build.views         ]  20171230_170545JPG,/home/pi/Pictures,20171230_170545.jpg,/home/pi/Pictures/20171230_170545.jpg
2018-06-16 21:38:14,590 [Thread-3    ] [DEBUG] [build.views         ]  20171230_152217JPG,/home/pi/Pictures,20171230_152217.jpg,/home/pi/Pictures/20171230_152217.jpg
2018-06-16 21:38:14,596 [Thread-3    ] [DEBUG] [build.views         ]  20171230_152212JPG,/home/pi/Pictures,20171230_152212.jpg,/home/pi/Pictures/20171230_152212.jpg
2018-06-16 21:38:14,603 [Thread-3    ] [DEBUG] [build.views         ]  20171230_152216JPG,/home/pi/Pictures,20171230_152216.jpg,/home/pi/Pictures/20171230_152216.jpg
2018-06-16 21:38:14,609 [Thread-3    ] [DEBUG] [build.views         ]  20171230_152118JPG,/home/pi/Pictures,20171230_152118.jpg,/home/pi/Pictures/20171230_152118.jpg
2018-06-16 21:38:14,617 [Thread-3    ] [DEBUG] [build.views         ]  20171230_152143JPG,/home/pi/Pictures,20171230_152143.jpg,/home/pi/Pictures/20171230_152143.jpg
2018-06-16 21:38:14,624 [Thread-3    ] [DEBUG] [build.views         ]  20171230_152131JPG,/home/pi/Pictures,20171230_152131.jpg,/home/pi/Pictures/20171230_152131.jpg
2018-06-16 21:38:14,630 [Thread-3    ] [DEBUG] [build.views         ]  20171230_152116JPG,/home/pi/Pictures,20171230_152116.jpg,/home/pi/Pictures/20171230_152116.jpg
2018-06-16 21:38:14,636 [Thread-3    ] [DEBUG] [build.views         ]  20171230_152146JPG,/home/pi/Pictures,20171230_152146.jpg,/home/pi/Pictures/20171230_152146.jpg
2018-06-16 21:38:14,641 [Thread-3    ] [DEBUG] [build.views         ]  20171230_152129JPG,/home/pi/Pictures,20171230_152129.jpg,/home/pi/Pictures/20171230_152129.jpg
2018-06-16 21:38:14,650 [Thread-3    ] [DEBUG] [build.views         ]  20171230_152142JPG,/home/pi/Pictures,20171230_152142.jpg,/home/pi/Pictures/20171230_152142.jpg
2018-06-16 21:38:14,659 [Thread-3    ] [DEBUG] [build.views         ]  20171230_152211JPG,/home/pi/Pictures,20171230_152211.jpg,/home/pi/Pictures/20171230_152211.jpg
2018-06-16 21:38:14,666 [Thread-3    ] [DEBUG] [build.views         ]  IMG_2010JPG,/home/pi/Pictures,IMG_2010.JPG,/home/pi/Pictures/IMG_2010.JPG
2018-06-16 21:38:15,014 [Thread-3    ] [INFO ] [django.server       ]  "GET /build/ HTTP/1.1" 200 73
2018-06-16 21:38:32,689 [Thread-4    ] [INFO ] [django.server       ]  "POST /admin/build/pictures/ HTTP/1.1" 200 3573
2018-06-16 21:38:37,605 [Thread-5    ] [INFO ] [django.server       ]  "POST /admin/build/pictures/ HTTP/1.1" 302 0
2018-06-16 21:38:39,894 [Thread-6    ] [INFO ] [django.server       ]  "GET /admin/build/pictures/ HTTP/1.1" 200 7003
2018-06-16 21:38:40,238 [Thread-7    ] [INFO ] [django.server       ]  "GET /admin/jsi18n/ HTTP/1.1" 200 3217
2018-06-16 21:38:47,983 [Thread-8    ] [INFO ] [build.views         ]  Read files from /home/pi/Pictures
2018-06-16 21:38:47,997 [Thread-8    ] [INFO ] [build.views         ]  20171230_170545.jpg
2018-06-16 21:38:48,007 [Thread-8    ] [INFO ] [build.views         ]  20171230_152217.jpg
2018-06-16 21:38:48,015 [Thread-8    ] [INFO ] [build.views         ]  20171230_152212.jpg
2018-06-16 21:38:48,026 [Thread-8    ] [INFO ] [build.views         ]  20171230_152216.jpg
2018-06-16 21:38:48,033 [Thread-8    ] [INFO ] [build.views         ]  20171230_152118.jpg
2018-06-16 21:38:48,041 [Thread-8    ] [INFO ] [build.views         ]  20171230_152143.jpg
2018-06-16 21:38:48,048 [Thread-8    ] [INFO ] [build.views         ]  20171230_152131.jpg
2018-06-16 21:38:48,058 [Thread-8    ] [INFO ] [build.views         ]  20171230_152116.jpg
2018-06-16 21:38:48,065 [Thread-8    ] [INFO ] [build.views         ]  20171230_152146.jpg
2018-06-16 21:38:48,072 [Thread-8    ] [INFO ] [build.views         ]  20171230_152129.jpg
2018-06-16 21:38:48,080 [Thread-8    ] [INFO ] [build.views         ]  20171230_152142.jpg
2018-06-16 21:38:48,086 [Thread-8    ] [INFO ] [build.views         ]  20171230_152211.jpg
2018-06-16 21:38:48,092 [Thread-8    ] [INFO ] [build.views         ]  IMG_2010.JPG
2018-06-16 21:38:48,100 [Thread-8    ] [DEBUG] [build.views         ]  20171230_170545JPG,/home/pi/Pictures,20171230_170545.jpg,/home/pi/Pictures/20171230_170545.jpg
2018-06-16 21:38:48,105 [Thread-8    ] [DEBUG] [build.views         ]  20171230_152217JPG,/home/pi/Pictures,20171230_152217.jpg,/home/pi/Pictures/20171230_152217.jpg
2018-06-16 21:38:48,113 [Thread-8    ] [DEBUG] [build.views         ]  20171230_152212JPG,/home/pi/Pictures,20171230_152212.jpg,/home/pi/Pictures/20171230_152212.jpg
2018-06-16 21:38:48,121 [Thread-8    ] [DEBUG] [build.views         ]  20171230_152216JPG,/home/pi/Pictures,20171230_152216.jpg,/home/pi/Pictures/20171230_152216.jpg
2018-06-16 21:38:48,129 [Thread-8    ] [DEBUG] [build.views         ]  20171230_152118JPG,/home/pi/Pictures,20171230_152118.jpg,/home/pi/Pictures/20171230_152118.jpg
2018-06-16 21:38:48,138 [Thread-8    ] [DEBUG] [build.views         ]  20171230_152143JPG,/home/pi/Pictures,20171230_152143.jpg,/home/pi/Pictures/20171230_152143.jpg
2018-06-16 21:38:48,148 [Thread-8    ] [DEBUG] [build.views         ]  20171230_152131JPG,/home/pi/Pictures,20171230_152131.jpg,/home/pi/Pictures/20171230_152131.jpg
2018-06-16 21:38:48,154 [Thread-8    ] [DEBUG] [build.views         ]  20171230_152116JPG,/home/pi/Pictures,20171230_152116.jpg,/home/pi/Pictures/20171230_152116.jpg
2018-06-16 21:38:48,163 [Thread-8    ] [DEBUG] [build.views         ]  20171230_152146JPG,/home/pi/Pictures,20171230_152146.jpg,/home/pi/Pictures/20171230_152146.jpg
2018-06-16 21:38:48,170 [Thread-8    ] [DEBUG] [build.views         ]  20171230_152129JPG,/home/pi/Pictures,20171230_152129.jpg,/home/pi/Pictures/20171230_152129.jpg
2018-06-16 21:38:48,177 [Thread-8    ] [DEBUG] [build.views         ]  20171230_152142JPG,/home/pi/Pictures,20171230_152142.jpg,/home/pi/Pictures/20171230_152142.jpg
2018-06-16 21:38:48,184 [Thread-8    ] [DEBUG] [build.views         ]  20171230_152211JPG,/home/pi/Pictures,20171230_152211.jpg,/home/pi/Pictures/20171230_152211.jpg
2018-06-16 21:38:48,191 [Thread-8    ] [DEBUG] [build.views         ]  IMG_2010JPG,/home/pi/Pictures,IMG_2010.JPG,/home/pi/Pictures/IMG_2010.JPG
2018-06-16 21:38:48,736 [Thread-8    ] [INFO ] [django.server       ]  "GET /build/ HTTP/1.1" 200 216
2018-06-16 21:44:00,798 [MainThread  ] [ERROR] [pyinotify           ]  The pathname '/home/pi/mypicframe/build/views.py' of this watch <Watch wd=1054 path=/home/pi/mypicframe/build/views.py mask=4038 proc_fun=None auto_add=False exclude_filter=<function <lambda> at 0xb5e5ae70> dir=False > has probably changed and couldn't be updated, so it cannot be trusted anymore. To fix this error move directories/files only between watched parents directories, in this case e.g. put a watch on '/home/pi/mypicframe/build'.
2018-06-16 21:44:12,929 [Thread-1    ] [INFO ] [build.views         ]  Read files from /home/pi/Pictures
2018-06-16 21:44:12,944 [Thread-1    ] [INFO ] [build.views         ]  20171230_170545.jpg
2018-06-16 21:44:12,956 [Thread-1    ] [INFO ] [build.views         ]  20171230_152217.jpg
2018-06-16 21:44:12,964 [Thread-1    ] [INFO ] [build.views         ]  20171230_152212.jpg
2018-06-16 21:44:12,973 [Thread-1    ] [INFO ] [build.views         ]  20171230_152216.jpg
2018-06-16 21:44:12,982 [Thread-1    ] [INFO ] [build.views         ]  20171230_152118.jpg
2018-06-16 21:44:12,991 [Thread-1    ] [INFO ] [build.views         ]  20171230_152143.jpg
2018-06-16 21:44:13,000 [Thread-1    ] [INFO ] [build.views         ]  20171230_152131.jpg
2018-06-16 21:44:13,010 [Thread-1    ] [INFO ] [build.views         ]  20171230_152116.jpg
2018-06-16 21:44:13,017 [Thread-1    ] [INFO ] [build.views         ]  20171230_152146.jpg
2018-06-16 21:44:13,026 [Thread-1    ] [INFO ] [build.views         ]  20171230_152129.jpg
2018-06-16 21:44:13,034 [Thread-1    ] [INFO ] [build.views         ]  20171230_152142.jpg
2018-06-16 21:44:13,042 [Thread-1    ] [INFO ] [build.views         ]  20171230_152211.jpg
2018-06-16 21:44:13,050 [Thread-1    ] [INFO ] [build.views         ]  IMG_2010.JPG
2018-06-16 21:44:13,105 [Thread-1    ] [INFO ] [build.views         ]  File already in DB 20171230_170545JPG /home/pi/Pictures 20171230_170545.jpg /home/pi/Pictures/20171230_170545.jpg
2018-06-16 21:44:13,135 [Thread-1    ] [INFO ] [build.views         ]  File already in DB 20171230_152217JPG /home/pi/Pictures 20171230_152217.jpg /home/pi/Pictures/20171230_152217.jpg
2018-06-16 21:44:13,169 [Thread-1    ] [INFO ] [build.views         ]  File already in DB 20171230_152212JPG /home/pi/Pictures 20171230_152212.jpg /home/pi/Pictures/20171230_152212.jpg
2018-06-16 21:44:13,199 [Thread-1    ] [INFO ] [build.views         ]  File already in DB 20171230_152216JPG /home/pi/Pictures 20171230_152216.jpg /home/pi/Pictures/20171230_152216.jpg
2018-06-16 21:44:13,230 [Thread-1    ] [INFO ] [build.views         ]  File already in DB 20171230_152118JPG /home/pi/Pictures 20171230_152118.jpg /home/pi/Pictures/20171230_152118.jpg
2018-06-16 21:44:13,261 [Thread-1    ] [INFO ] [build.views         ]  File already in DB 20171230_152143JPG /home/pi/Pictures 20171230_152143.jpg /home/pi/Pictures/20171230_152143.jpg
2018-06-16 21:44:13,291 [Thread-1    ] [INFO ] [build.views         ]  File already in DB 20171230_152131JPG /home/pi/Pictures 20171230_152131.jpg /home/pi/Pictures/20171230_152131.jpg
2018-06-16 21:44:13,334 [Thread-1    ] [INFO ] [build.views         ]  File already in DB 20171230_152116JPG /home/pi/Pictures 20171230_152116.jpg /home/pi/Pictures/20171230_152116.jpg
2018-06-16 21:44:13,365 [Thread-1    ] [INFO ] [build.views         ]  File already in DB 20171230_152146JPG /home/pi/Pictures 20171230_152146.jpg /home/pi/Pictures/20171230_152146.jpg
2018-06-16 21:44:13,396 [Thread-1    ] [INFO ] [build.views         ]  File already in DB 20171230_152129JPG /home/pi/Pictures 20171230_152129.jpg /home/pi/Pictures/20171230_152129.jpg
2018-06-16 21:44:13,426 [Thread-1    ] [INFO ] [build.views         ]  File already in DB 20171230_152142JPG /home/pi/Pictures 20171230_152142.jpg /home/pi/Pictures/20171230_152142.jpg
2018-06-16 21:44:13,456 [Thread-1    ] [INFO ] [build.views         ]  File already in DB 20171230_152211JPG /home/pi/Pictures 20171230_152211.jpg /home/pi/Pictures/20171230_152211.jpg
2018-06-16 21:44:13,487 [Thread-1    ] [INFO ] [build.views         ]  File already in DB IMG_2010JPG /home/pi/Pictures IMG_2010.JPG /home/pi/Pictures/IMG_2010.JPG
2018-06-16 21:44:13,552 [Thread-1    ] [INFO ] [django.server       ]  "GET /build/ HTTP/1.1" 200 73
2018-06-16 21:44:34,221 [Thread-3    ] [INFO ] [django.server       ]  "POST /admin/build/pictures/ HTTP/1.1" 200 3744
2018-06-16 21:44:39,325 [Thread-4    ] [INFO ] [django.server       ]  "POST /admin/build/pictures/ HTTP/1.1" 302 0
2018-06-16 21:44:41,647 [Thread-5    ] [INFO ] [django.server       ]  "GET /admin/build/pictures/ HTTP/1.1" 200 6731
2018-06-16 21:44:42,006 [Thread-6    ] [INFO ] [django.server       ]  "GET /admin/jsi18n/ HTTP/1.1" 200 3217
2018-06-16 21:44:48,760 [Thread-7    ] [INFO ] [build.views         ]  Read files from /home/pi/Pictures
2018-06-16 21:44:48,775 [Thread-7    ] [INFO ] [build.views         ]  20171230_170545.jpg
2018-06-16 21:44:48,784 [Thread-7    ] [INFO ] [build.views         ]  20171230_152217.jpg
2018-06-16 21:44:48,792 [Thread-7    ] [INFO ] [build.views         ]  20171230_152212.jpg
2018-06-16 21:44:48,801 [Thread-7    ] [INFO ] [build.views         ]  20171230_152216.jpg
2018-06-16 21:44:48,809 [Thread-7    ] [INFO ] [build.views         ]  20171230_152118.jpg
2018-06-16 21:44:48,816 [Thread-7    ] [INFO ] [build.views         ]  20171230_152143.jpg
2018-06-16 21:44:48,822 [Thread-7    ] [INFO ] [build.views         ]  20171230_152131.jpg
2018-06-16 21:44:48,830 [Thread-7    ] [INFO ] [build.views         ]  20171230_152116.jpg
2018-06-16 21:44:48,837 [Thread-7    ] [INFO ] [build.views         ]  20171230_152146.jpg
2018-06-16 21:44:48,843 [Thread-7    ] [INFO ] [build.views         ]  20171230_152129.jpg
2018-06-16 21:44:48,849 [Thread-7    ] [INFO ] [build.views         ]  20171230_152142.jpg
2018-06-16 21:44:48,856 [Thread-7    ] [INFO ] [build.views         ]  20171230_152211.jpg
2018-06-16 21:44:48,862 [Thread-7    ] [INFO ] [build.views         ]  IMG_2010.JPG
2018-06-16 21:44:48,904 [Thread-7    ] [INFO ] [build.views         ]  File already in DB 20171230_170545JPG /home/pi/Pictures 20171230_170545.jpg /home/pi/Pictures/20171230_170545.jpg
2018-06-16 21:44:48,933 [Thread-7    ] [INFO ] [build.views         ]  File already in DB 20171230_152217JPG /home/pi/Pictures 20171230_152217.jpg /home/pi/Pictures/20171230_152217.jpg
2018-06-16 21:44:48,967 [Thread-7    ] [INFO ] [build.views         ]  File already in DB 20171230_152212JPG /home/pi/Pictures 20171230_152212.jpg /home/pi/Pictures/20171230_152212.jpg
2018-06-16 21:44:49,068 [Thread-7    ] [INFO ] [build.views         ]  File added 20171230_152216JPG /home/pi/Pictures 20171230_152216.jpg /home/pi/Pictures/20171230_152216.jpg
2018-06-16 21:44:49,194 [Thread-7    ] [INFO ] [build.views         ]  File added 20171230_152118JPG /home/pi/Pictures 20171230_152118.jpg /home/pi/Pictures/20171230_152118.jpg
2018-06-16 21:44:49,224 [Thread-7    ] [INFO ] [build.views         ]  File already in DB 20171230_152143JPG /home/pi/Pictures 20171230_152143.jpg /home/pi/Pictures/20171230_152143.jpg
2018-06-16 21:44:49,323 [Thread-7    ] [INFO ] [build.views         ]  File added 20171230_152131JPG /home/pi/Pictures 20171230_152131.jpg /home/pi/Pictures/20171230_152131.jpg
2018-06-16 21:44:49,353 [Thread-7    ] [INFO ] [build.views         ]  File already in DB 20171230_152116JPG /home/pi/Pictures 20171230_152116.jpg /home/pi/Pictures/20171230_152116.jpg
2018-06-16 21:44:49,385 [Thread-7    ] [INFO ] [build.views         ]  File already in DB 20171230_152146JPG /home/pi/Pictures 20171230_152146.jpg /home/pi/Pictures/20171230_152146.jpg
2018-06-16 21:44:49,415 [Thread-7    ] [INFO ] [build.views         ]  File already in DB 20171230_152129JPG /home/pi/Pictures 20171230_152129.jpg /home/pi/Pictures/20171230_152129.jpg
2018-06-16 21:44:49,447 [Thread-7    ] [INFO ] [build.views         ]  File already in DB 20171230_152142JPG /home/pi/Pictures 20171230_152142.jpg /home/pi/Pictures/20171230_152142.jpg
2018-06-16 21:44:49,478 [Thread-7    ] [INFO ] [build.views         ]  File already in DB 20171230_152211JPG /home/pi/Pictures 20171230_152211.jpg /home/pi/Pictures/20171230_152211.jpg
2018-06-16 21:44:49,590 [Thread-7    ] [INFO ] [build.views         ]  File added IMG_2010JPG /home/pi/Pictures IMG_2010.JPG /home/pi/Pictures/IMG_2010.JPG
2018-06-16 21:44:49,631 [Thread-7    ] [INFO ] [django.server       ]  "GET /build/ HTTP/1.1" 200 256
2018-06-16 21:46:24,880 [Thread-8    ] [INFO ] [build.views         ]  Read files from /home/pi/Pictures
2018-06-16 21:46:24,892 [Thread-8    ] [INFO ] [build.views         ]  20171230_170545.jpg
2018-06-16 21:46:24,901 [Thread-8    ] [INFO ] [build.views         ]  20171230_152217.jpg
2018-06-16 21:46:24,908 [Thread-8    ] [INFO ] [build.views         ]  20171230_152212.jpg
2018-06-16 21:46:24,915 [Thread-8    ] [INFO ] [build.views         ]  20171230_152216.jpg
2018-06-16 21:46:24,923 [Thread-8    ] [INFO ] [build.views         ]  20171230_152118.jpg
2018-06-16 21:46:24,933 [Thread-8    ] [INFO ] [build.views         ]  20171230_152143.jpg
2018-06-16 21:46:24,940 [Thread-8    ] [INFO ] [build.views         ]  20171230_152131.jpg
2018-06-16 21:46:24,947 [Thread-8    ] [INFO ] [build.views         ]  20171230_152116.jpg
2018-06-16 21:46:24,956 [Thread-8    ] [INFO ] [build.views         ]  20171230_152146.jpg
2018-06-16 21:46:24,964 [Thread-8    ] [INFO ] [build.views         ]  20171230_152129.jpg
2018-06-16 21:46:24,971 [Thread-8    ] [INFO ] [build.views         ]  20171230_152142.jpg
2018-06-16 21:46:24,978 [Thread-8    ] [INFO ] [build.views         ]  20171230_152211.jpg
2018-06-16 21:46:24,985 [Thread-8    ] [INFO ] [build.views         ]  IMG_2010.JPG
2018-06-16 21:46:25,030 [Thread-8    ] [INFO ] [build.views         ]  File already in DB 20171230_170545JPG /home/pi/Pictures 20171230_170545.jpg /home/pi/Pictures/20171230_170545.jpg
2018-06-16 21:46:25,062 [Thread-8    ] [INFO ] [build.views         ]  File already in DB 20171230_152217JPG /home/pi/Pictures 20171230_152217.jpg /home/pi/Pictures/20171230_152217.jpg
2018-06-16 21:46:25,094 [Thread-8    ] [INFO ] [build.views         ]  File already in DB 20171230_152212JPG /home/pi/Pictures 20171230_152212.jpg /home/pi/Pictures/20171230_152212.jpg
2018-06-16 21:46:25,124 [Thread-8    ] [INFO ] [build.views         ]  File already in DB 20171230_152216JPG /home/pi/Pictures 20171230_152216.jpg /home/pi/Pictures/20171230_152216.jpg
2018-06-16 21:46:25,156 [Thread-8    ] [INFO ] [build.views         ]  File already in DB 20171230_152118JPG /home/pi/Pictures 20171230_152118.jpg /home/pi/Pictures/20171230_152118.jpg
2018-06-16 21:46:25,186 [Thread-8    ] [INFO ] [build.views         ]  File already in DB 20171230_152143JPG /home/pi/Pictures 20171230_152143.jpg /home/pi/Pictures/20171230_152143.jpg
2018-06-16 21:46:25,216 [Thread-8    ] [INFO ] [build.views         ]  File already in DB 20171230_152131JPG /home/pi/Pictures 20171230_152131.jpg /home/pi/Pictures/20171230_152131.jpg
2018-06-16 21:46:25,248 [Thread-8    ] [INFO ] [build.views         ]  File already in DB 20171230_152116JPG /home/pi/Pictures 20171230_152116.jpg /home/pi/Pictures/20171230_152116.jpg
2018-06-16 21:46:25,279 [Thread-8    ] [INFO ] [build.views         ]  File already in DB 20171230_152146JPG /home/pi/Pictures 20171230_152146.jpg /home/pi/Pictures/20171230_152146.jpg
2018-06-16 21:46:25,310 [Thread-8    ] [INFO ] [build.views         ]  File already in DB 20171230_152129JPG /home/pi/Pictures 20171230_152129.jpg /home/pi/Pictures/20171230_152129.jpg
2018-06-16 21:46:25,341 [Thread-8    ] [INFO ] [build.views         ]  File already in DB 20171230_152142JPG /home/pi/Pictures 20171230_152142.jpg /home/pi/Pictures/20171230_152142.jpg
2018-06-16 21:46:25,372 [Thread-8    ] [INFO ] [build.views         ]  File already in DB 20171230_152211JPG /home/pi/Pictures 20171230_152211.jpg /home/pi/Pictures/20171230_152211.jpg
2018-06-16 21:46:25,403 [Thread-8    ] [INFO ] [build.views         ]  File already in DB IMG_2010JPG /home/pi/Pictures IMG_2010.JPG /home/pi/Pictures/IMG_2010.JPG
2018-06-16 21:46:25,445 [Thread-8    ] [INFO ] [django.server       ]  "GET /build/ HTTP/1.1" 200 73
